2025-09-20T07:05:10.157Z
Error: Unsupported database type: unknown
    at Object.fetchSchemaJson (C:\Users\prata\AppData\Roaming\npm\node_modules\@dbml\cli\node_modules\@dbml\connector\dist\connectors\connector.js:22:19)
    at connectionHandler (C:\Users\prata\AppData\Roaming\npm\node_modules\@dbml\cli\lib\cli\connector.js:24:51)
    at Object.db2dbml (C:\Users\prata\AppData\Roaming\npm\node_modules\@dbml\cli\lib\cli\index.js:76:26)
    at Object.<anonymous> (C:\Users\prata\AppData\Roaming\npm\node_modules\@dbml\cli\bin\db2dbml.js:4:19)
    at Module._compile (node:internal/modules/cjs/loader:1730:14)
    at Object..js (node:internal/modules/cjs/loader:1895:10)
    at Module.load (node:internal/modules/cjs/loader:1465:32)
    at Function._load (node:internal/modules/cjs/loader:1282:12)
    at TracingChannel.traceSync (node:diagnostics_channel:322:14)
    at wrapModuleLoad (node:internal/modules/cjs/loader:235:24)

2025-09-20T07:06:16.197Z
Error: Unsupported database type: unknown
    at Object.fetchSchemaJson (C:\Users\prata\AppData\Roaming\npm\node_modules\@dbml\cli\node_modules\@dbml\connector\dist\connectors\connector.js:22:19)
    at connectionHandler (C:\Users\prata\AppData\Roaming\npm\node_modules\@dbml\cli\lib\cli\connector.js:24:51)
    at Object.db2dbml (C:\Users\prata\AppData\Roaming\npm\node_modules\@dbml\cli\lib\cli\index.js:76:26)
    at Object.<anonymous> (C:\Users\prata\AppData\Roaming\npm\node_modules\@dbml\cli\bin\db2dbml.js:4:19)
    at Module._compile (node:internal/modules/cjs/loader:1730:14)
    at Object..js (node:internal/modules/cjs/loader:1895:10)
    at Module.load (node:internal/modules/cjs/loader:1465:32)
    at Function._load (node:internal/modules/cjs/loader:1282:12)
    at TracingChannel.traceSync (node:diagnostics_channel:322:14)
    at wrapModuleLoad (node:internal/modules/cjs/loader:235:24)

